[2024-01-21T23:40:17.134+0000] {processor.py:161} INFO - Started process (PID=31) to work on /opt/airflow/dags/dag_daily_data_downloader_and_plotter.py
[2024-01-21T23:40:17.135+0000] {processor.py:830} INFO - Processing file /opt/airflow/dags/dag_daily_data_downloader_and_plotter.py for tasks to queue
[2024-01-21T23:40:17.137+0000] {logging_mixin.py:188} INFO - [2024-01-21T23:40:17.137+0000] {dagbag.py:538} INFO - Filling up the DagBag from /opt/airflow/dags/dag_daily_data_downloader_and_plotter.py
[2024-01-21T23:40:18.574+0000] {processor.py:840} INFO - DAG(s) 'daily_data_downloader_and_plotter' retrieved from /opt/airflow/dags/dag_daily_data_downloader_and_plotter.py
[2024-01-21T23:40:18.763+0000] {logging_mixin.py:188} INFO - [2024-01-21T23:40:18.763+0000] {dag.py:3036} INFO - Sync 1 DAGs
[2024-01-21T23:40:18.802+0000] {logging_mixin.py:188} INFO - [2024-01-21T23:40:18.802+0000] {dag.py:3823} INFO - Setting next_dagrun for daily_data_downloader_and_plotter to 2024-01-21 00:00:00+00:00, run_after=2024-01-22 00:00:00+00:00
[2024-01-21T23:40:18.861+0000] {processor.py:183} INFO - Processing /opt/airflow/dags/dag_daily_data_downloader_and_plotter.py took 1.735 seconds
[2024-01-21T23:40:48.977+0000] {processor.py:161} INFO - Started process (PID=40) to work on /opt/airflow/dags/dag_daily_data_downloader_and_plotter.py
[2024-01-21T23:40:48.990+0000] {processor.py:830} INFO - Processing file /opt/airflow/dags/dag_daily_data_downloader_and_plotter.py for tasks to queue
[2024-01-21T23:40:48.994+0000] {logging_mixin.py:188} INFO - [2024-01-21T23:40:48.993+0000] {dagbag.py:538} INFO - Filling up the DagBag from /opt/airflow/dags/dag_daily_data_downloader_and_plotter.py
[2024-01-21T23:40:49.877+0000] {processor.py:840} INFO - DAG(s) 'daily_data_downloader_and_plotter' retrieved from /opt/airflow/dags/dag_daily_data_downloader_and_plotter.py
[2024-01-21T23:40:49.906+0000] {logging_mixin.py:188} INFO - [2024-01-21T23:40:49.905+0000] {dag.py:3036} INFO - Sync 1 DAGs
[2024-01-21T23:40:49.938+0000] {logging_mixin.py:188} INFO - [2024-01-21T23:40:49.938+0000] {dag.py:3823} INFO - Setting next_dagrun for daily_data_downloader_and_plotter to 2024-01-21 00:00:00+00:00, run_after=2024-01-22 00:00:00+00:00
[2024-01-21T23:40:50.171+0000] {processor.py:183} INFO - Processing /opt/airflow/dags/dag_daily_data_downloader_and_plotter.py took 1.205 seconds
[2024-01-21T23:41:20.362+0000] {processor.py:161} INFO - Started process (PID=50) to work on /opt/airflow/dags/dag_daily_data_downloader_and_plotter.py
[2024-01-21T23:41:20.394+0000] {processor.py:830} INFO - Processing file /opt/airflow/dags/dag_daily_data_downloader_and_plotter.py for tasks to queue
[2024-01-21T23:41:20.421+0000] {logging_mixin.py:188} INFO - [2024-01-21T23:41:20.419+0000] {dagbag.py:538} INFO - Filling up the DagBag from /opt/airflow/dags/dag_daily_data_downloader_and_plotter.py
[2024-01-21T23:41:21.192+0000] {processor.py:840} INFO - DAG(s) 'daily_data_downloader_and_plotter' retrieved from /opt/airflow/dags/dag_daily_data_downloader_and_plotter.py
[2024-01-21T23:41:21.225+0000] {logging_mixin.py:188} INFO - [2024-01-21T23:41:21.224+0000] {dag.py:3036} INFO - Sync 1 DAGs
[2024-01-21T23:41:21.252+0000] {logging_mixin.py:188} INFO - [2024-01-21T23:41:21.251+0000] {dag.py:3823} INFO - Setting next_dagrun for daily_data_downloader_and_plotter to 2024-01-21 00:00:00+00:00, run_after=2024-01-22 00:00:00+00:00
[2024-01-21T23:41:21.304+0000] {processor.py:183} INFO - Processing /opt/airflow/dags/dag_daily_data_downloader_and_plotter.py took 0.945 seconds
[2024-01-21T23:41:51.545+0000] {processor.py:161} INFO - Started process (PID=59) to work on /opt/airflow/dags/dag_daily_data_downloader_and_plotter.py
[2024-01-21T23:41:51.558+0000] {processor.py:830} INFO - Processing file /opt/airflow/dags/dag_daily_data_downloader_and_plotter.py for tasks to queue
[2024-01-21T23:41:51.566+0000] {logging_mixin.py:188} INFO - [2024-01-21T23:41:51.565+0000] {dagbag.py:538} INFO - Filling up the DagBag from /opt/airflow/dags/dag_daily_data_downloader_and_plotter.py
[2024-01-21T23:41:52.398+0000] {processor.py:840} INFO - DAG(s) 'daily_data_downloader_and_plotter' retrieved from /opt/airflow/dags/dag_daily_data_downloader_and_plotter.py
[2024-01-21T23:41:52.422+0000] {logging_mixin.py:188} INFO - [2024-01-21T23:41:52.421+0000] {dag.py:3036} INFO - Sync 1 DAGs
[2024-01-21T23:41:52.442+0000] {logging_mixin.py:188} INFO - [2024-01-21T23:41:52.441+0000] {dag.py:3823} INFO - Setting next_dagrun for daily_data_downloader_and_plotter to 2024-01-21 00:00:00+00:00, run_after=2024-01-22 00:00:00+00:00
[2024-01-21T23:41:52.504+0000] {processor.py:183} INFO - Processing /opt/airflow/dags/dag_daily_data_downloader_and_plotter.py took 0.974 seconds
[2024-01-21T23:42:22.747+0000] {processor.py:161} INFO - Started process (PID=68) to work on /opt/airflow/dags/dag_daily_data_downloader_and_plotter.py
[2024-01-21T23:42:22.748+0000] {processor.py:830} INFO - Processing file /opt/airflow/dags/dag_daily_data_downloader_and_plotter.py for tasks to queue
[2024-01-21T23:42:22.749+0000] {logging_mixin.py:188} INFO - [2024-01-21T23:42:22.749+0000] {dagbag.py:538} INFO - Filling up the DagBag from /opt/airflow/dags/dag_daily_data_downloader_and_plotter.py
[2024-01-21T23:42:23.444+0000] {processor.py:840} INFO - DAG(s) 'daily_data_downloader_and_plotter' retrieved from /opt/airflow/dags/dag_daily_data_downloader_and_plotter.py
[2024-01-21T23:42:23.462+0000] {logging_mixin.py:188} INFO - [2024-01-21T23:42:23.462+0000] {dag.py:3036} INFO - Sync 1 DAGs
[2024-01-21T23:42:23.480+0000] {logging_mixin.py:188} INFO - [2024-01-21T23:42:23.480+0000] {dag.py:3823} INFO - Setting next_dagrun for daily_data_downloader_and_plotter to 2024-01-21 00:00:00+00:00, run_after=2024-01-22 00:00:00+00:00
[2024-01-21T23:42:23.522+0000] {processor.py:183} INFO - Processing /opt/airflow/dags/dag_daily_data_downloader_and_plotter.py took 0.779 seconds
[2024-01-21T23:42:54.176+0000] {processor.py:161} INFO - Started process (PID=77) to work on /opt/airflow/dags/dag_daily_data_downloader_and_plotter.py
[2024-01-21T23:42:54.188+0000] {processor.py:830} INFO - Processing file /opt/airflow/dags/dag_daily_data_downloader_and_plotter.py for tasks to queue
[2024-01-21T23:42:54.193+0000] {logging_mixin.py:188} INFO - [2024-01-21T23:42:54.192+0000] {dagbag.py:538} INFO - Filling up the DagBag from /opt/airflow/dags/dag_daily_data_downloader_and_plotter.py
[2024-01-21T23:42:54.900+0000] {processor.py:840} INFO - DAG(s) 'daily_data_downloader_and_plotter' retrieved from /opt/airflow/dags/dag_daily_data_downloader_and_plotter.py
[2024-01-21T23:42:54.918+0000] {logging_mixin.py:188} INFO - [2024-01-21T23:42:54.918+0000] {dag.py:3036} INFO - Sync 1 DAGs
[2024-01-21T23:42:54.935+0000] {logging_mixin.py:188} INFO - [2024-01-21T23:42:54.935+0000] {dag.py:3823} INFO - Setting next_dagrun for daily_data_downloader_and_plotter to 2024-01-21 00:00:00+00:00, run_after=2024-01-22 00:00:00+00:00
[2024-01-21T23:42:54.974+0000] {processor.py:183} INFO - Processing /opt/airflow/dags/dag_daily_data_downloader_and_plotter.py took 0.810 seconds
[2024-01-21T23:43:25.629+0000] {processor.py:161} INFO - Started process (PID=85) to work on /opt/airflow/dags/dag_daily_data_downloader_and_plotter.py
[2024-01-21T23:43:25.636+0000] {processor.py:830} INFO - Processing file /opt/airflow/dags/dag_daily_data_downloader_and_plotter.py for tasks to queue
[2024-01-21T23:43:25.639+0000] {logging_mixin.py:188} INFO - [2024-01-21T23:43:25.638+0000] {dagbag.py:538} INFO - Filling up the DagBag from /opt/airflow/dags/dag_daily_data_downloader_and_plotter.py
[2024-01-21T23:43:26.572+0000] {processor.py:840} INFO - DAG(s) 'daily_data_downloader_and_plotter' retrieved from /opt/airflow/dags/dag_daily_data_downloader_and_plotter.py
[2024-01-21T23:43:26.593+0000] {logging_mixin.py:188} INFO - [2024-01-21T23:43:26.593+0000] {dag.py:3036} INFO - Sync 1 DAGs
[2024-01-21T23:43:26.616+0000] {logging_mixin.py:188} INFO - [2024-01-21T23:43:26.615+0000] {dag.py:3823} INFO - Setting next_dagrun for daily_data_downloader_and_plotter to 2024-01-21 00:00:00+00:00, run_after=2024-01-22 00:00:00+00:00
[2024-01-21T23:43:26.681+0000] {processor.py:183} INFO - Processing /opt/airflow/dags/dag_daily_data_downloader_and_plotter.py took 1.060 seconds
